<?xml version="1.0" encoding="UTF-8"?>
<testsuite name="OptionalDrillsTest" tests="7" skipped="0" failures="0" errors="0" timestamp="2024-08-01T21:49:20" hostname="Brandons-MacBook-Air.local" time="0.026">
  <properties/>
  <testcase name="getDishName()" classname="OptionalDrillsTest" time="0.003"/>
  <testcase name="findCheapestInsuranceName_noCar()" classname="OptionalDrillsTest" time="0.004"/>
  <testcase name="findCheapestInsuanceName()" classname="OptionalDrillsTest" time="0.005"/>
  <testcase name="getExistingInsuranceName_noInsuranceName()" classname="OptionalDrillsTest" time="0.001"/>
  <testcase name="findCheapestInsuranceName_car()" classname="OptionalDrillsTest" time="0.002"/>
  <testcase name="getDishName_noDish()" classname="OptionalDrillsTest" time="0.002"/>
  <testcase name="getExistingInsuranceName()" classname="OptionalDrillsTest" time="0.001"/>
  <system-out><![CDATA[]]></system-out>
  <system-err><![CDATA[]]></system-err>
</testsuite>
