<?xml version="1.0" encoding="UTF-8"?>
<testsuite name="StreamDrillsTest" tests="33" skipped="0" failures="0" errors="0" timestamp="2024-08-01T21:49:21" hostname="Brandons-MacBook-Air.local" time="0.258">
  <properties/>
  <testcase name="isEverythingUnder100Calories_true()" classname="StreamDrillsTest" time="0.066"/>
  <testcase name="isNothingOver1000Calories_true()" classname="StreamDrillsTest" time="0.002"/>
  <testcase name="vegetarianDish_vegDishes()" classname="StreamDrillsTest" time="0.008"/>
  <testcase name="isEverythingUnder100Calories_false()" classname="StreamDrillsTest" time="0.008"/>
  <testcase name="uniqueEvenNumbers_noEvens()" classname="StreamDrillsTest" time="0.002"/>
  <testcase name="vegetarianDishes_mixed()" classname="StreamDrillsTest" time="0.004"/>
  <testcase name="howManyDishes_one()" classname="StreamDrillsTest" time="0.004"/>
  <testcase name="howManyDishes_two()" classname="StreamDrillsTest" time="0.001"/>
  <testcase name="isMenuVegetarianFriendly_false()" classname="StreamDrillsTest" time="0.005"/>
  <testcase name="threeHighCaloricDishNames_oneOver()" classname="StreamDrillsTest" time="0.009"/>
  <testcase name="threeHighCaloricDishNames_empty()" classname="StreamDrillsTest" time="0.001"/>
  <testcase name="lengthOfDishNames_empty()" classname="StreamDrillsTest" time="0.004"/>
  <testcase name="lengthOfDishNames_three()" classname="StreamDrillsTest" time="0.002"/>
  <testcase name="threeHighCaloricDishNames_twoOver()" classname="StreamDrillsTest" time="0.002"/>
  <testcase name="vegetarianDishes_oneNonVeg()" classname="StreamDrillsTest" time="0.003"/>
  <testcase name="vegetarianDishes_oneVeg()" classname="StreamDrillsTest" time="0.001"/>
  <testcase name="uniqueEvenNumbers_empty()" classname="StreamDrillsTest" time="0.003"/>
  <testcase name="uniqueEvenNumbers_mixed()" classname="StreamDrillsTest" time="0.003"/>
  <testcase name="listCountriesOfOrigin_emptyList()" classname="StreamDrillsTest" time="0.003"/>
  <testcase name="isMenuVegetarianFriendly_true()" classname="StreamDrillsTest" time="0.007"/>
  <testcase name="listCountriesOfOrigin_throwsException()" classname="StreamDrillsTest" time="0.011"/>
  <testcase name="threeHighCaloricDishNames_fourDishes_threeOver()" classname="StreamDrillsTest" time="0.003"/>
  <testcase name="threeHighCaloricDishNames_fourOver()" classname="StreamDrillsTest" time="0.003"/>
  <testcase name="isMenuVegetarianFriendly_true_onlyItem()" classname="StreamDrillsTest" time="0.003"/>
  <testcase name="threeHighCaloricDishNames_threeOver()" classname="StreamDrillsTest" time="0.004"/>
  <testcase name="vegetarianDishes_emptyList()" classname="StreamDrillsTest" time="0.001"/>
  <testcase name="isNothingOver1000Calories_false()" classname="StreamDrillsTest" time="0.001"/>
  <testcase name="uniqueEvenNumbers_allEvens()" classname="StreamDrillsTest" time="0.001"/>
  <testcase name="howManyDishes_empty()" classname="StreamDrillsTest" time="0.001"/>
  <testcase name="howManyDishes_three()" classname="StreamDrillsTest" time="0.002"/>
  <testcase name="lengthOfDishNames_one()" classname="StreamDrillsTest" time="0.001"/>
  <testcase name="lengthOfDishNames_two()" classname="StreamDrillsTest" time="0.001"/>
  <testcase name="vegetarianDish_noVegDishes()" classname="StreamDrillsTest" time="0.001"/>
  <system-out><![CDATA[]]></system-out>
  <system-err><![CDATA[]]></system-err>
</testsuite>
