<?xml version="1.0" encoding="UTF-8"?>
<testsuite name="TransactionQuestionsTest" tests="7" skipped="0" failures="0" errors="0" timestamp="2024-08-01T21:49:21" hostname="Brandons-MacBook-Air.local" time="0.057">
  <properties/>
  <testcase name="smallestTransaction_multipleTransactions_returnsLowest()" classname="TransactionQuestionsTest" time="0.003"/>
  <testcase name="isMilanBased_containsMilanBasedTraders_returnsTrue()" classname="TransactionQuestionsTest" time="0.004"/>
  <testcase name="highestValueTrade_multipleTransactions_returnsHighest()" classname="TransactionQuestionsTest" time="0.005"/>
  <testcase name="uniqueCities_multipleCities_returnsUniqueCities()" classname="TransactionQuestionsTest" time="0.004"/>
  <testcase name="cambridgeTraders_withCambridgeTraders_returnsCambridgeTradersSortedAlphabetically()" classname="TransactionQuestionsTest" time="0.007"/>
  <testcase name="transactions2011_withTransactions_returnsTransactionsSortedAscending()" classname="TransactionQuestionsTest" time="0.011"/>
  <testcase name="traderNames_multipleTraders_concatenatesNamesSortedAlphabetically()" classname="TransactionQuestionsTest" time="0.006"/>
  <system-out><![CDATA[]]></system-out>
  <system-err><![CDATA[]]></system-err>
</testsuite>
