<?xml version="1.0" encoding="UTF-8"?>
<testsuite name="CollectingDrillsTest" tests="4" skipped="0" failures="0" errors="0" timestamp="2024-08-01T21:49:20" hostname="Brandons-MacBook-Air.local" time="0.056">
  <properties/>
  <testcase name="averageCalories_mixedItems_returnsAverage()" classname="CollectingDrillsTest" time="0.041"/>
  <testcase name="vegetarianDishes_allTypes_mapsVegetarianDishes()" classname="CollectingDrillsTest" time="0.004"/>
  <testcase name="collectDishesByType_allTypes_mapsDishToType()" classname="CollectingDrillsTest" time="0.003"/>
  <testcase name="numberOfDishesByType_allTypes_mapsNumberOfDishToType()" classname="CollectingDrillsTest" time="0.004"/>
  <system-out><![CDATA[]]></system-out>
  <system-err><![CDATA[]]></system-err>
</testsuite>
